build/app/intermediates/manifest_merge_blame_file/debug/manifest-merger-blame-debug-report.txt
1<?xml version="1.0" encoding="utf-8"?>
2<manifest xmlns:android="http://schemas.android.com/apk/res/android"
3    package="com.example.jktinhand"
4    android:versionCode="1"
5    android:versionName="1.0.0" >
6
7    <uses-sdk
8        android:minSdkVersion="16"
9        android:targetSdkVersion="28" />
10    <!--
11         Flutter needs it to communicate with the running application
12         to allow setting breakpoints, to provide hot reload, etc.
13    -->
14    <uses-permission android:name="android.permission.INTERNET" />
14-->src\main\AndroidManifest.xml:41:5-66
14-->src\main\AndroidManifest.xml:41:22-64
15    <uses-permission android:name="android.permission.ACCESS_FINE_LOCATION" />
15-->src\main\AndroidManifest.xml:38:5-79
15-->src\main\AndroidManifest.xml:38:22-76
16    <uses-permission android:name="android.permission.ACCESS_COARSE_LOCATION" />
16-->src\main\AndroidManifest.xml:39:5-81
16-->src\main\AndroidManifest.xml:39:22-78
17    <uses-permission android:name="android.permission.ACCESS_BACKGROUND_LOCATION" />
17-->src\main\AndroidManifest.xml:40:5-85
17-->src\main\AndroidManifest.xml:40:22-82
18    <uses-permission android:name="android.permission.READ_EXTERNAL_STORAGE" />
18-->[:image_picker] AndroidManifest.xml:7:5-80
18-->[:image_picker] AndroidManifest.xml:7:22-77
19    <uses-permission android:name="android.permission.WRITE_EXTERNAL_STORAGE" /> <!-- Include required permissions for Google Maps API to run. -->
19-->[:image_picker] AndroidManifest.xml:8:5-81
19-->[:image_picker] AndroidManifest.xml:8:22-78
20    <uses-permission android:name="android.permission.ACCESS_NETWORK_STATE" />
20-->[com.google.android.gms:play-services-maps:17.0.0] AndroidManifest.xml:23:5-79
20-->[com.google.android.gms:play-services-maps:17.0.0] AndroidManifest.xml:23:22-76
21
22    <uses-feature
22-->[com.google.android.gms:play-services-maps:17.0.0] AndroidManifest.xml:26:5-28:35
23        android:glEsVersion="0x00020000"
23-->[com.google.android.gms:play-services-maps:17.0.0] AndroidManifest.xml:27:9-41
24        android:required="true" />
24-->[com.google.android.gms:play-services-maps:17.0.0] AndroidManifest.xml:28:9-32
25    <!--
26 io.flutter.app.FlutterApplication is an android.app.Application that
27         calls FlutterMain.startInitialization(this); in its onCreate method.
28         In most cases you can leave this as-is, but you if you want to provide
29         additional functionality it is fine to subclass or reimplement
30         FlutterApplication and put your custom class here.
31    -->
32    <application
32-->src\main\AndroidManifest.xml:9:5-36:19
33        android:name="io.flutter.app.FlutterApplication"
33-->src\main\AndroidManifest.xml:10:9-57
34        android:appComponentFactory="androidx.core.app.CoreComponentFactory"
34-->[androidx.core:core:1.0.2] AndroidManifest.xml:22:18-86
35        android:debuggable="true"
36        android:icon="@mipmap/ic_launcher"
36-->src\main\AndroidManifest.xml:12:9-43
37        android:label="JKT IN HAND" >
37-->src\main\AndroidManifest.xml:11:9-36
38        <meta-data
38-->src\main\AndroidManifest.xml:14:8-15:73
39            android:name="com.google.android.geo.API_KEY"
39-->src\main\AndroidManifest.xml:14:19-64
40            android:value="AIzaSyB7A6TJ7Te__um4aU6BNH7yDIvDW2QHJKs" />
40-->src\main\AndroidManifest.xml:15:16-71
41
42        <activity
42-->src\main\AndroidManifest.xml:17:9-35:20
43            android:name="com.example.jktinhand.MainActivity"
43-->src\main\AndroidManifest.xml:18:13-41
44            android:configChanges="orientation|keyboardHidden|keyboard|screenSize|locale|layoutDirection|fontScale|screenLayout|density|uiMode"
44-->src\main\AndroidManifest.xml:21:13-144
45            android:hardwareAccelerated="true"
45-->src\main\AndroidManifest.xml:22:13-47
46            android:launchMode="singleTop"
46-->src\main\AndroidManifest.xml:19:13-43
47            android:theme="@style/LaunchTheme"
47-->src\main\AndroidManifest.xml:20:13-47
48            android:windowSoftInputMode="adjustResize" >
48-->src\main\AndroidManifest.xml:23:13-55
49
50            <!--
51                 This keeps the window background of the activity showing
52                 until Flutter renders its first frame. It can be removed if
53                 there is no splash screen (such as the default splash screen
54                 defined in @style/LaunchTheme).
55            -->
56            <meta-data
56-->src\main\AndroidManifest.xml:28:13-30:40
57                android:name="io.flutter.app.android.SplashScreenUntilFirstFrame"
57-->src\main\AndroidManifest.xml:29:17-82
58                android:value="true" />
58-->src\main\AndroidManifest.xml:30:17-37
59
60            <intent-filter>
60-->src\main\AndroidManifest.xml:31:13-34:29
61                <action android:name="android.intent.action.MAIN" />
61-->src\main\AndroidManifest.xml:32:17-68
61-->src\main\AndroidManifest.xml:32:25-66
62
63                <category android:name="android.intent.category.LAUNCHER" />
63-->src\main\AndroidManifest.xml:33:17-76
63-->src\main\AndroidManifest.xml:33:27-74
64            </intent-filter>
65        </activity>
66
67        <provider
67-->[:image_picker] AndroidManifest.xml:11:9-19:20
68            android:name="io.flutter.plugins.imagepicker.ImagePickerFileProvider"
68-->[:image_picker] AndroidManifest.xml:12:13-82
69            android:authorities="com.example.jktinhand.flutter.image_provider"
69-->[:image_picker] AndroidManifest.xml:13:13-74
70            android:exported="false"
70-->[:image_picker] AndroidManifest.xml:14:13-37
71            android:grantUriPermissions="true" >
71-->[:image_picker] AndroidManifest.xml:15:13-47
72            <meta-data
72-->[:image_picker] AndroidManifest.xml:16:13-18:75
73                android:name="android.support.FILE_PROVIDER_PATHS"
73-->[:image_picker] AndroidManifest.xml:17:17-67
74                android:resource="@xml/flutter_image_picker_file_paths" />
74-->[:image_picker] AndroidManifest.xml:18:17-72
75        </provider> <!-- Needs to be explicitly declared on P+ -->
76        <uses-library
76-->[com.google.android.gms:play-services-maps:17.0.0] AndroidManifest.xml:33:9-35:40
77            android:name="org.apache.http.legacy"
77-->[com.google.android.gms:play-services-maps:17.0.0] AndroidManifest.xml:34:13-50
78            android:required="false" />
78-->[com.google.android.gms:play-services-maps:17.0.0] AndroidManifest.xml:35:13-37
79
80        <activity
80-->[com.google.android.gms:play-services-base:17.0.0] AndroidManifest.xml:23:9-26:75
81            android:name="com.google.android.gms.common.api.GoogleApiActivity"
81-->[com.google.android.gms:play-services-base:17.0.0] AndroidManifest.xml:24:13-79
82            android:exported="false"
82-->[com.google.android.gms:play-services-base:17.0.0] AndroidManifest.xml:25:13-37
83            android:theme="@android:style/Theme.Translucent.NoTitleBar" />
83-->[com.google.android.gms:play-services-base:17.0.0] AndroidManifest.xml:26:13-72
84
85        <meta-data
85-->[com.google.android.gms:play-services-basement:17.0.0] AndroidManifest.xml:23:9-25:69
86            android:name="com.google.android.gms.version"
86-->[com.google.android.gms:play-services-basement:17.0.0] AndroidManifest.xml:24:13-58
87            android:value="@integer/google_play_services_version" />
87-->[com.google.android.gms:play-services-basement:17.0.0] AndroidManifest.xml:25:13-66
88    </application>
89
90</manifest>